{"/home/user/mailchimp-mcp-alien-lifestyles/src/lib/license.ts": {"path":"/home/user/mailchimp-mcp-alien-lifestyles/src/lib/license.ts","statementMap":{"0":{"start":{"line":8,"column":7},"end":{"line":8,"column":null}},"1":{"start":{"line":9,"column":2},"end":{"line":9,"column":null}},"2":{"start":{"line":10,"column":2},"end":{"line":10,"column":null}},"3":{"start":{"line":8,"column":12},"end":{"line":8,"column":null}},"4":{"start":{"line":24,"column":26},"end":{"line":24,"column":null}},"5":{"start":{"line":34,"column":2},"end":{"line":39,"column":null}},"6":{"start":{"line":35,"column":4},"end":{"line":38,"column":null}},"7":{"start":{"line":41,"column":21},"end":{"line":41,"column":null}},"8":{"start":{"line":44,"column":2},"end":{"line":50,"column":null}},"9":{"start":{"line":45,"column":4},"end":{"line":49,"column":null}},"10":{"start":{"line":53,"column":2},"end":{"line":57,"column":null}},"11":{"start":{"line":66,"column":21},"end":{"line":66,"column":null}},"12":{"start":{"line":67,"column":17},"end":{"line":67,"column":null}},"13":{"start":{"line":68,"column":2},"end":{"line":68,"column":null}},"14":{"start":{"line":77,"column":2},"end":{"line":77,"column":null}}},"fnMap":{"0":{"name":"(anonymous_0)","decl":{"start":{"line":8,"column":7},"end":{"line":8,"column":12}},"loc":{"start":{"line":8,"column":7},"end":{"line":8,"column":null}},"line":8},"1":{"name":"validateLicense","decl":{"start":{"line":32,"column":16},"end":{"line":32,"column":32}},"loc":{"start":{"line":32,"column":78},"end":{"line":58,"column":null}},"line":32},"2":{"name":"getLicenseType","decl":{"start":{"line":65,"column":16},"end":{"line":65,"column":46}},"loc":{"start":{"line":65,"column":46},"end":{"line":69,"column":null}},"line":65},"3":{"name":"isWriteEnabled","decl":{"start":{"line":76,"column":16},"end":{"line":76,"column":42}},"loc":{"start":{"line":76,"column":42},"end":{"line":78,"column":null}},"line":76}},"branchMap":{"0":{"loc":{"start":{"line":8,"column":12},"end":{"line":8,"column":null}},"type":"binary-expr","locations":[{"start":{"line":8,"column":12},"end":{"line":8,"column":null}},{"start":{"line":8,"column":12},"end":{"line":8,"column":null}}],"line":8},"1":{"loc":{"start":{"line":34,"column":2},"end":{"line":39,"column":null}},"type":"if","locations":[{"start":{"line":34,"column":2},"end":{"line":39,"column":null}},{"start":{},"end":{}}],"line":34},"2":{"loc":{"start":{"line":34,"column":6},"end":{"line":34,"column":47}},"type":"binary-expr","locations":[{"start":{"line":34,"column":6},"end":{"line":34,"column":21}},{"start":{"line":34,"column":21},"end":{"line":34,"column":47}}],"line":34},"3":{"loc":{"start":{"line":44,"column":2},"end":{"line":50,"column":null}},"type":"if","locations":[{"start":{"line":44,"column":2},"end":{"line":50,"column":null}},{"start":{},"end":{}}],"line":44}},"s":{"0":1,"1":1,"2":1,"3":1,"4":1,"5":19,"6":5,"7":14,"8":14,"9":6,"10":8,"11":6,"12":6,"13":6,"14":3},"f":{"0":1,"1":19,"2":6,"3":3},"b":{"0":[1,1],"1":[5,14],"2":[19,15],"3":[6,8]},"meta":{"lastBranch":4,"lastFunction":4,"lastStatement":15,"seen":{"s:8:7:8:Infinity":0,"f:8:7:8:12":0,"s:9:2:9:Infinity":1,"s:10:2:10:Infinity":2,"s:8:12:8:Infinity":3,"b:8:12:8:Infinity:8:12:8:Infinity":0,"s:24:26:24:Infinity":4,"f:32:16:32:32":1,"b:34:2:39:Infinity:undefined:undefined:undefined:undefined":1,"s:34:2:39:Infinity":5,"b:34:6:34:21:34:21:34:47":2,"s:35:4:38:Infinity":6,"s:41:21:41:Infinity":7,"b:44:2:50:Infinity:undefined:undefined:undefined:undefined":3,"s:44:2:50:Infinity":8,"s:45:4:49:Infinity":9,"s:53:2:57:Infinity":10,"f:65:16:65:46":2,"s:66:21:66:Infinity":11,"s:67:17:67:Infinity":12,"s:68:2:68:Infinity":13,"f:76:16:76:42":3,"s:77:2:77:Infinity":14}}}
,"/home/user/mailchimp-mcp-alien-lifestyles/src/lib/mailchimp-client.ts": {"path":"/home/user/mailchimp-mcp-alien-lifestyles/src/lib/mailchimp-client.ts","statementMap":{"0":{"start":{"line":3,"column":23},"end":{"line":7,"column":null}},"1":{"start":{"line":9,"column":20},"end":{"line":11,"column":null}},"2":{"start":{"line":19,"column":42},"end":{"line":23,"column":null}},"3":{"start":{"line":26,"column":2},"end":{"line":26,"column":null}},"4":{"start":{"line":26,"column":32},"end":{"line":26,"column":55}},"5":{"start":{"line":30,"column":16},"end":{"line":33,"column":null}},"6":{"start":{"line":34,"column":2},"end":{"line":34,"column":null}},"7":{"start":{"line":43,"column":2},"end":{"line":45,"column":null}},"8":{"start":{"line":44,"column":4},"end":{"line":44,"column":null}},"9":{"start":{"line":47,"column":14},"end":{"line":47,"column":null}},"10":{"start":{"line":50,"column":21},"end":{"line":52,"column":null}},"11":{"start":{"line":54,"column":45},"end":{"line":54,"column":null}},"12":{"start":{"line":56,"column":2},"end":{"line":60,"column":null}},"13":{"start":{"line":57,"column":4},"end":{"line":59,"column":null}},"14":{"start":{"line":58,"column":6},"end":{"line":58,"column":null}},"15":{"start":{"line":63,"column":2},"end":{"line":65,"column":null}},"16":{"start":{"line":64,"column":4},"end":{"line":64,"column":null}},"17":{"start":{"line":67,"column":2},"end":{"line":67,"column":null}},"18":{"start":{"line":76,"column":4},"end":{"line":76,"column":null}},"19":{"start":{"line":77,"column":4},"end":{"line":77,"column":null}},"20":{"start":{"line":78,"column":4},"end":{"line":78,"column":null}},"21":{"start":{"line":86,"column":16},"end":{"line":86,"column":null}},"22":{"start":{"line":87,"column":17},"end":{"line":87,"column":null}},"23":{"start":{"line":89,"column":34},"end":{"line":89,"column":null}},"24":{"start":{"line":91,"column":4},"end":{"line":149,"column":null}},"25":{"start":{"line":91,"column":23},"end":{"line":91,"column":26}},"26":{"start":{"line":92,"column":6},"end":{"line":148,"column":null}},"27":{"start":{"line":93,"column":25},"end":{"line":100,"column":null}},"28":{"start":{"line":102,"column":8},"end":{"line":117,"column":null}},"29":{"start":{"line":103,"column":29},"end":{"line":103,"column":null}},"30":{"start":{"line":104,"column":24},"end":{"line":106,"column":null}},"31":{"start":{"line":108,"column":10},"end":{"line":111,"column":null}},"32":{"start":{"line":109,"column":12},"end":{"line":109,"column":null}},"33":{"start":{"line":110,"column":12},"end":{"line":110,"column":null}},"34":{"start":{"line":113,"column":28},"end":{"line":113,"column":null}},"35":{"start":{"line":113,"column":63},"end":{"line":113,"column":66}},"36":{"start":{"line":114,"column":10},"end":{"line":116,"column":null}},"37":{"start":{"line":119,"column":8},"end":{"line":130,"column":null}},"38":{"start":{"line":120,"column":10},"end":{"line":124,"column":null}},"39":{"start":{"line":121,"column":26},"end":{"line":121,"column":null}},"40":{"start":{"line":122,"column":12},"end":{"line":122,"column":null}},"41":{"start":{"line":123,"column":12},"end":{"line":123,"column":null}},"42":{"start":{"line":126,"column":28},"end":{"line":126,"column":null}},"43":{"start":{"line":126,"column":63},"end":{"line":126,"column":66}},"44":{"start":{"line":127,"column":10},"end":{"line":129,"column":null}},"45":{"start":{"line":132,"column":8},"end":{"line":138,"column":null}},"46":{"start":{"line":133,"column":28},"end":{"line":133,"column":null}},"47":{"start":{"line":133,"column":63},"end":{"line":133,"column":66}},"48":{"start":{"line":134,"column":31},"end":{"line":134,"column":null}},"49":{"start":{"line":135,"column":10},"end":{"line":137,"column":null}},"50":{"start":{"line":140,"column":8},"end":{"line":140,"column":null}},"51":{"start":{"line":142,"column":8},"end":{"line":142,"column":null}},"52":{"start":{"line":144,"column":8},"end":{"line":147,"column":null}},"53":{"start":{"line":145,"column":24},"end":{"line":145,"column":null}},"54":{"start":{"line":146,"column":10},"end":{"line":146,"column":null}},"55":{"start":{"line":151,"column":4},"end":{"line":151,"column":null}},"56":{"start":{"line":155,"column":4},"end":{"line":155,"column":null}},"57":{"start":{"line":159,"column":4},"end":{"line":159,"column":null}},"58":{"start":{"line":163,"column":4},"end":{"line":163,"column":null}},"59":{"start":{"line":167,"column":4},"end":{"line":167,"column":null}},"60":{"start":{"line":171,"column":4},"end":{"line":171,"column":null}}},"fnMap":{"0":{"name":"sleep","decl":{"start":{"line":25,"column":9},"end":{"line":25,"column":15}},"loc":{"start":{"line":25,"column":42},"end":{"line":27,"column":null}},"line":25},"1":{"name":"(anonymous_1)","decl":{"start":{"line":26,"column":21},"end":{"line":26,"column":32}},"loc":{"start":{"line":26,"column":32},"end":{"line":26,"column":55}},"line":26},"2":{"name":"calculateBackoff","decl":{"start":{"line":29,"column":9},"end":{"line":29,"column":26}},"loc":{"start":{"line":29,"column":72},"end":{"line":35,"column":null}},"line":29},"3":{"name":"sanitizeError","decl":{"start":{"line":42,"column":9},"end":{"line":42,"column":23}},"loc":{"start":{"line":42,"column":72},"end":{"line":68,"column":null}},"line":42},"4":{"name":"(anonymous_4)","decl":{"start":{"line":75,"column":2},"end":{"line":75,"column":14}},"loc":{"start":{"line":75,"column":52},"end":{"line":79,"column":null}},"line":75},"5":{"name":"(anonymous_5)","decl":{"start":{"line":81,"column":16},"end":{"line":81,"column":null}},"loc":{"start":{"line":85,"column":16},"end":{"line":152,"column":null}},"line":85},"6":{"name":"(anonymous_6)","decl":{"start":{"line":113,"column":56},"end":{"line":113,"column":63}},"loc":{"start":{"line":113,"column":63},"end":{"line":113,"column":66}},"line":113},"7":{"name":"(anonymous_7)","decl":{"start":{"line":126,"column":56},"end":{"line":126,"column":63}},"loc":{"start":{"line":126,"column":63},"end":{"line":126,"column":66}},"line":126},"8":{"name":"(anonymous_8)","decl":{"start":{"line":133,"column":56},"end":{"line":133,"column":63}},"loc":{"start":{"line":133,"column":63},"end":{"line":133,"column":66}},"line":133},"9":{"name":"(anonymous_9)","decl":{"start":{"line":154,"column":8},"end":{"line":154,"column":15}},"loc":{"start":{"line":154,"column":41},"end":{"line":156,"column":null}},"line":154},"10":{"name":"(anonymous_10)","decl":{"start":{"line":158,"column":8},"end":{"line":158,"column":16}},"loc":{"start":{"line":158,"column":57},"end":{"line":160,"column":null}},"line":158},"11":{"name":"(anonymous_11)","decl":{"start":{"line":162,"column":8},"end":{"line":162,"column":15}},"loc":{"start":{"line":162,"column":56},"end":{"line":164,"column":null}},"line":162},"12":{"name":"(anonymous_12)","decl":{"start":{"line":166,"column":8},"end":{"line":166,"column":17}},"loc":{"start":{"line":166,"column":58},"end":{"line":168,"column":null}},"line":166},"13":{"name":"(anonymous_13)","decl":{"start":{"line":170,"column":8},"end":{"line":170,"column":18}},"loc":{"start":{"line":170,"column":44},"end":{"line":172,"column":null}},"line":170}},"branchMap":{"0":{"loc":{"start":{"line":43,"column":2},"end":{"line":45,"column":null}},"type":"if","locations":[{"start":{"line":43,"column":2},"end":{"line":45,"column":null}},{"start":{},"end":{}}],"line":43},"1":{"loc":{"start":{"line":43,"column":6},"end":{"line":43,"column":51}},"type":"binary-expr","locations":[{"start":{"line":43,"column":6},"end":{"line":43,"column":20}},{"start":{"line":43,"column":20},"end":{"line":43,"column":51}}],"line":43},"2":{"loc":{"start":{"line":50,"column":21},"end":{"line":52,"column":null}},"type":"cond-expr","locations":[{"start":{"line":51,"column":6},"end":{"line":51,"column":null}},{"start":{"line":52,"column":6},"end":{"line":52,"column":null}}],"line":50},"3":{"loc":{"start":{"line":57,"column":4},"end":{"line":59,"column":null}},"type":"if","locations":[{"start":{"line":57,"column":4},"end":{"line":59,"column":null}},{"start":{},"end":{}}],"line":57},"4":{"loc":{"start":{"line":57,"column":8},"end":{"line":57,"column":57}},"type":"binary-expr","locations":[{"start":{"line":57,"column":8},"end":{"line":57,"column":36}},{"start":{"line":57,"column":36},"end":{"line":57,"column":57}}],"line":57},"5":{"loc":{"start":{"line":63,"column":2},"end":{"line":65,"column":null}},"type":"if","locations":[{"start":{"line":63,"column":2},"end":{"line":65,"column":null}},{"start":{},"end":{}}],"line":63},"6":{"loc":{"start":{"line":99,"column":16},"end":{"line":99,"column":null}},"type":"cond-expr","locations":[{"start":{"line":99,"column":23},"end":{"line":99,"column":46}},{"start":{"line":99,"column":46},"end":{"line":99,"column":null}}],"line":99},"7":{"loc":{"start":{"line":102,"column":8},"end":{"line":117,"column":null}},"type":"if","locations":[{"start":{"line":102,"column":8},"end":{"line":117,"column":null}},{"start":{},"end":{}}],"line":102},"8":{"loc":{"start":{"line":104,"column":24},"end":{"line":106,"column":null}},"type":"cond-expr","locations":[{"start":{"line":105,"column":14},"end":{"line":105,"column":null}},{"start":{"line":106,"column":14},"end":{"line":106,"column":null}}],"line":104},"9":{"loc":{"start":{"line":108,"column":10},"end":{"line":111,"column":null}},"type":"if","locations":[{"start":{"line":108,"column":10},"end":{"line":111,"column":null}},{"start":{},"end":{}}],"line":108},"10":{"loc":{"start":{"line":119,"column":8},"end":{"line":130,"column":null}},"type":"if","locations":[{"start":{"line":119,"column":8},"end":{"line":130,"column":null}},{"start":{},"end":{}}],"line":119},"11":{"loc":{"start":{"line":119,"column":12},"end":{"line":119,"column":61}},"type":"binary-expr","locations":[{"start":{"line":119,"column":12},"end":{"line":119,"column":38}},{"start":{"line":119,"column":38},"end":{"line":119,"column":61}}],"line":119},"12":{"loc":{"start":{"line":120,"column":10},"end":{"line":124,"column":null}},"type":"if","locations":[{"start":{"line":120,"column":10},"end":{"line":124,"column":null}},{"start":{},"end":{}}],"line":120},"13":{"loc":{"start":{"line":132,"column":8},"end":{"line":138,"column":null}},"type":"if","locations":[{"start":{"line":132,"column":8},"end":{"line":138,"column":null}},{"start":{},"end":{}}],"line":132},"14":{"loc":{"start":{"line":142,"column":20},"end":{"line":142,"column":null}},"type":"cond-expr","locations":[{"start":{"line":142,"column":45},"end":{"line":142,"column":53}},{"start":{"line":142,"column":53},"end":{"line":142,"column":null}}],"line":142},"15":{"loc":{"start":{"line":144,"column":8},"end":{"line":147,"column":null}},"type":"if","locations":[{"start":{"line":144,"column":8},"end":{"line":147,"column":null}},{"start":{},"end":{}}],"line":144},"16":{"loc":{"start":{"line":151,"column":10},"end":{"line":151,"column":null}},"type":"binary-expr","locations":[{"start":{"line":151,"column":10},"end":{"line":151,"column":23}},{"start":{"line":151,"column":23},"end":{"line":151,"column":null}}],"line":151}},"s":{"0":1,"1":1,"2":1,"3":0,"4":0,"5":0,"6":0,"7":0,"8":0,"9":0,"10":0,"11":0,"12":0,"13":0,"14":0,"15":0,"16":0,"17":0,"18":8,"19":8,"20":8,"21":6,"22":6,"23":6,"24":6,"25":6,"26":6,"27":6,"28":6,"29":0,"30":0,"31":0,"32":0,"33":0,"34":0,"35":0,"36":0,"37":6,"38":0,"39":0,"40":0,"41":0,"42":0,"43":0,"44":0,"45":6,"46":0,"47":0,"48":0,"49":0,"50":6,"51":0,"52":0,"53":0,"54":0,"55":0,"56":2,"57":1,"58":1,"59":1,"60":1},"f":{"0":0,"1":0,"2":0,"3":0,"4":8,"5":6,"6":0,"7":0,"8":0,"9":2,"10":1,"11":1,"12":1,"13":1},"b":{"0":[0,0],"1":[0,0],"2":[0,0],"3":[0,0],"4":[0,0],"5":[0,0],"6":[3,3],"7":[0,6],"8":[0,0],"9":[0,0],"10":[0,6],"11":[6,0],"12":[0,0],"13":[0,6],"14":[0,0],"15":[0,0],"16":[0,0]},"meta":{"lastBranch":17,"lastFunction":14,"lastStatement":61,"seen":{"s:3:23:7:Infinity":0,"s:9:20:11:Infinity":1,"s:19:42:23:Infinity":2,"f:25:9:25:15":0,"s:26:2:26:Infinity":3,"f:26:21:26:32":1,"s:26:32:26:55":4,"f:29:9:29:26":2,"s:30:16:33:Infinity":5,"s:34:2:34:Infinity":6,"f:42:9:42:23":3,"b:43:2:45:Infinity:undefined:undefined:undefined:undefined":0,"s:43:2:45:Infinity":7,"b:43:6:43:20:43:20:43:51":1,"s:44:4:44:Infinity":8,"s:47:14:47:Infinity":9,"s:50:21:52:Infinity":10,"b:51:6:51:Infinity:52:6:52:Infinity":2,"s:54:45:54:Infinity":11,"s:56:2:60:Infinity":12,"b:57:4:59:Infinity:undefined:undefined:undefined:undefined":3,"s:57:4:59:Infinity":13,"b:57:8:57:36:57:36:57:57":4,"s:58:6:58:Infinity":14,"b:63:2:65:Infinity:undefined:undefined:undefined:undefined":5,"s:63:2:65:Infinity":15,"s:64:4:64:Infinity":16,"s:67:2:67:Infinity":17,"f:75:2:75:14":4,"s:76:4:76:Infinity":18,"s:77:4:77:Infinity":19,"s:78:4:78:Infinity":20,"f:81:16:81:Infinity":5,"s:86:16:86:Infinity":21,"s:87:17:87:Infinity":22,"s:89:34:89:Infinity":23,"s:91:4:149:Infinity":24,"s:91:23:91:26":25,"s:92:6:148:Infinity":26,"s:93:25:100:Infinity":27,"b:99:23:99:46:99:46:99:Infinity":6,"b:102:8:117:Infinity:undefined:undefined:undefined:undefined":7,"s:102:8:117:Infinity":28,"s:103:29:103:Infinity":29,"s:104:24:106:Infinity":30,"b:105:14:105:Infinity:106:14:106:Infinity":8,"b:108:10:111:Infinity:undefined:undefined:undefined:undefined":9,"s:108:10:111:Infinity":31,"s:109:12:109:Infinity":32,"s:110:12:110:Infinity":33,"s:113:28:113:Infinity":34,"f:113:56:113:63":6,"s:113:63:113:66":35,"s:114:10:116:Infinity":36,"b:119:8:130:Infinity:undefined:undefined:undefined:undefined":10,"s:119:8:130:Infinity":37,"b:119:12:119:38:119:38:119:61":11,"b:120:10:124:Infinity:undefined:undefined:undefined:undefined":12,"s:120:10:124:Infinity":38,"s:121:26:121:Infinity":39,"s:122:12:122:Infinity":40,"s:123:12:123:Infinity":41,"s:126:28:126:Infinity":42,"f:126:56:126:63":7,"s:126:63:126:66":43,"s:127:10:129:Infinity":44,"b:132:8:138:Infinity:undefined:undefined:undefined:undefined":13,"s:132:8:138:Infinity":45,"s:133:28:133:Infinity":46,"f:133:56:133:63":8,"s:133:63:133:66":47,"s:134:31:134:Infinity":48,"s:135:10:137:Infinity":49,"s:140:8:140:Infinity":50,"s:142:8:142:Infinity":51,"b:142:45:142:53:142:53:142:Infinity":14,"b:144:8:147:Infinity:undefined:undefined:undefined:undefined":15,"s:144:8:147:Infinity":52,"s:145:24:145:Infinity":53,"s:146:10:146:Infinity":54,"s:151:4:151:Infinity":55,"b:151:10:151:23:151:23:151:Infinity":16,"f:154:8:154:15":9,"s:155:4:155:Infinity":56,"f:158:8:158:16":10,"s:159:4:159:Infinity":57,"f:162:8:162:15":11,"s:163:4:163:Infinity":58,"f:166:8:166:17":12,"s:167:4:167:Infinity":59,"f:170:8:170:18":13,"s:171:4:171:Infinity":60}}}
,"/home/user/mailchimp-mcp-alien-lifestyles/src/lib/pii-masking.ts": {"path":"/home/user/mailchimp-mcp-alien-lifestyles/src/lib/pii-masking.ts","statementMap":{"0":{"start":{"line":13,"column":2},"end":{"line":13,"column":null}},"1":{"start":{"line":13,"column":43},"end":{"line":13,"column":null}},"2":{"start":{"line":15,"column":30},"end":{"line":15,"column":null}},"3":{"start":{"line":16,"column":2},"end":{"line":16,"column":null}},"4":{"start":{"line":16,"column":29},"end":{"line":16,"column":null}},"5":{"start":{"line":18,"column":2},"end":{"line":20,"column":null}},"6":{"start":{"line":19,"column":4},"end":{"line":19,"column":null}},"7":{"start":{"line":22,"column":2},"end":{"line":22,"column":null}},"8":{"start":{"line":30,"column":2},"end":{"line":30,"column":null}},"9":{"start":{"line":30,"column":41},"end":{"line":30,"column":null}},"10":{"start":{"line":32,"column":18},"end":{"line":32,"column":null}},"11":{"start":{"line":33,"column":2},"end":{"line":33,"column":null}},"12":{"start":{"line":33,"column":28},"end":{"line":33,"column":null}},"13":{"start":{"line":35,"column":2},"end":{"line":37,"column":null}},"14":{"start":{"line":36,"column":4},"end":{"line":36,"column":null}},"15":{"start":{"line":39,"column":2},"end":{"line":39,"column":null}},"16":{"start":{"line":47,"column":2},"end":{"line":47,"column":null}},"17":{"start":{"line":47,"column":43},"end":{"line":47,"column":null}},"18":{"start":{"line":50,"column":17},"end":{"line":50,"column":null}},"19":{"start":{"line":52,"column":2},"end":{"line":54,"column":null}},"20":{"start":{"line":53,"column":4},"end":{"line":53,"column":null}},"21":{"start":{"line":56,"column":19},"end":{"line":56,"column":null}},"22":{"start":{"line":57,"column":2},"end":{"line":57,"column":null}},"23":{"start":{"line":65,"column":2},"end":{"line":67,"column":null}},"24":{"start":{"line":66,"column":4},"end":{"line":66,"column":null}},"25":{"start":{"line":70,"column":2},"end":{"line":73,"column":null}},"26":{"start":{"line":81,"column":2},"end":{"line":81,"column":null}},"27":{"start":{"line":81,"column":37},"end":{"line":81,"column":null}},"28":{"start":{"line":83,"column":16},"end":{"line":83,"column":null}},"29":{"start":{"line":84,"column":2},"end":{"line":84,"column":null}},"30":{"start":{"line":84,"column":26},"end":{"line":84,"column":null}},"31":{"start":{"line":86,"column":2},"end":{"line":86,"column":null}},"32":{"start":{"line":93,"column":2},"end":{"line":93,"column":null}},"33":{"start":{"line":93,"column":20},"end":{"line":93,"column":null}},"34":{"start":{"line":95,"column":2},"end":{"line":95,"column":null}},"35":{"start":{"line":95,"column":41},"end":{"line":95,"column":null}},"36":{"start":{"line":97,"column":2},"end":{"line":97,"column":null}},"37":{"start":{"line":97,"column":31},"end":{"line":97,"column":null}},"38":{"start":{"line":99,"column":2},"end":{"line":101,"column":null}},"39":{"start":{"line":100,"column":4},"end":{"line":100,"column":null}},"40":{"start":{"line":100,"column":27},"end":{"line":100,"column":61}},"41":{"start":{"line":103,"column":22},"end":{"line":103,"column":null}},"42":{"start":{"line":105,"column":2},"end":{"line":136,"column":null}},"43":{"start":{"line":106,"column":21},"end":{"line":106,"column":null}},"44":{"start":{"line":109,"column":4},"end":{"line":135,"column":null}},"45":{"start":{"line":110,"column":6},"end":{"line":110,"column":null}},"46":{"start":{"line":111,"column":4},"end":{"line":135,"column":null}},"47":{"start":{"line":114,"column":6},"end":{"line":114,"column":null}},"48":{"start":{"line":115,"column":4},"end":{"line":135,"column":null}},"49":{"start":{"line":118,"column":6},"end":{"line":118,"column":null}},"50":{"start":{"line":119,"column":4},"end":{"line":135,"column":null}},"51":{"start":{"line":122,"column":6},"end":{"line":122,"column":null}},"52":{"start":{"line":123,"column":4},"end":{"line":135,"column":null}},"53":{"start":{"line":126,"column":6},"end":{"line":126,"column":null}},"54":{"start":{"line":127,"column":4},"end":{"line":135,"column":null}},"55":{"start":{"line":130,"column":6},"end":{"line":130,"column":null}},"56":{"start":{"line":134,"column":6},"end":{"line":134,"column":null}},"57":{"start":{"line":138,"column":2},"end":{"line":138,"column":null}},"58":{"start":{"line":145,"column":2},"end":{"line":145,"column":null}},"59":{"start":{"line":145,"column":36},"end":{"line":145,"column":null}},"60":{"start":{"line":147,"column":38},"end":{"line":147,"column":null}},"61":{"start":{"line":149,"column":2},"end":{"line":163,"column":null}},"62":{"start":{"line":150,"column":21},"end":{"line":150,"column":null}},"63":{"start":{"line":151,"column":23},"end":{"line":151,"column":null}},"64":{"start":{"line":154,"column":4},"end":{"line":162,"column":null}},"65":{"start":{"line":155,"column":6},"end":{"line":155,"column":null}},"66":{"start":{"line":156,"column":4},"end":{"line":162,"column":null}},"67":{"start":{"line":157,"column":6},"end":{"line":157,"column":null}},"68":{"start":{"line":158,"column":4},"end":{"line":162,"column":null}},"69":{"start":{"line":159,"column":6},"end":{"line":159,"column":null}},"70":{"start":{"line":161,"column":6},"end":{"line":161,"column":null}},"71":{"start":{"line":165,"column":2},"end":{"line":165,"column":null}}},"fnMap":{"0":{"name":"maskEmail","decl":{"start":{"line":12,"column":16},"end":{"line":12,"column":26}},"loc":{"start":{"line":12,"column":49},"end":{"line":23,"column":null}},"line":12},"1":{"name":"maskName","decl":{"start":{"line":29,"column":16},"end":{"line":29,"column":25}},"loc":{"start":{"line":29,"column":47},"end":{"line":40,"column":null}},"line":29},"2":{"name":"maskPhone","decl":{"start":{"line":46,"column":16},"end":{"line":46,"column":26}},"loc":{"start":{"line":46,"column":49},"end":{"line":58,"column":null}},"line":46},"3":{"name":"maskLocation","decl":{"start":{"line":64,"column":16},"end":{"line":64,"column":29}},"loc":{"start":{"line":64,"column":130},"end":{"line":74,"column":null}},"line":64},"4":{"name":"maskIP","decl":{"start":{"line":80,"column":16},"end":{"line":80,"column":23}},"loc":{"start":{"line":80,"column":43},"end":{"line":87,"column":null}},"line":80},"5":{"name":"maskPIIInObject","decl":{"start":{"line":92,"column":16},"end":{"line":92,"column":32}},"loc":{"start":{"line":92,"column":69},"end":{"line":139,"column":null}},"line":92},"6":{"name":"(anonymous_6)","decl":{"start":{"line":100,"column":19},"end":{"line":100,"column":27}},"loc":{"start":{"line":100,"column":27},"end":{"line":100,"column":61}},"line":100},"7":{"name":"maskMergeFields","decl":{"start":{"line":144,"column":16},"end":{"line":144,"column":32}},"loc":{"start":{"line":144,"column":109},"end":{"line":166,"column":null}},"line":144}},"branchMap":{"0":{"loc":{"start":{"line":13,"column":2},"end":{"line":13,"column":null}},"type":"if","locations":[{"start":{"line":13,"column":2},"end":{"line":13,"column":null}},{"start":{},"end":{}}],"line":13},"1":{"loc":{"start":{"line":13,"column":6},"end":{"line":13,"column":43}},"type":"binary-expr","locations":[{"start":{"line":13,"column":6},"end":{"line":13,"column":16}},{"start":{"line":13,"column":16},"end":{"line":13,"column":43}}],"line":13},"2":{"loc":{"start":{"line":16,"column":2},"end":{"line":16,"column":null}},"type":"if","locations":[{"start":{"line":16,"column":2},"end":{"line":16,"column":null}},{"start":{},"end":{}}],"line":16},"3":{"loc":{"start":{"line":16,"column":6},"end":{"line":16,"column":29}},"type":"binary-expr","locations":[{"start":{"line":16,"column":6},"end":{"line":16,"column":20}},{"start":{"line":16,"column":20},"end":{"line":16,"column":29}}],"line":16},"4":{"loc":{"start":{"line":18,"column":2},"end":{"line":20,"column":null}},"type":"if","locations":[{"start":{"line":18,"column":2},"end":{"line":20,"column":null}},{"start":{},"end":{}}],"line":18},"5":{"loc":{"start":{"line":30,"column":2},"end":{"line":30,"column":null}},"type":"if","locations":[{"start":{"line":30,"column":2},"end":{"line":30,"column":null}},{"start":{},"end":{}}],"line":30},"6":{"loc":{"start":{"line":30,"column":6},"end":{"line":30,"column":41}},"type":"binary-expr","locations":[{"start":{"line":30,"column":6},"end":{"line":30,"column":15}},{"start":{"line":30,"column":15},"end":{"line":30,"column":41}}],"line":30},"7":{"loc":{"start":{"line":33,"column":2},"end":{"line":33,"column":null}},"type":"if","locations":[{"start":{"line":33,"column":2},"end":{"line":33,"column":null}},{"start":{},"end":{}}],"line":33},"8":{"loc":{"start":{"line":35,"column":2},"end":{"line":37,"column":null}},"type":"if","locations":[{"start":{"line":35,"column":2},"end":{"line":37,"column":null}},{"start":{},"end":{}}],"line":35},"9":{"loc":{"start":{"line":47,"column":2},"end":{"line":47,"column":null}},"type":"if","locations":[{"start":{"line":47,"column":2},"end":{"line":47,"column":null}},{"start":{},"end":{}}],"line":47},"10":{"loc":{"start":{"line":47,"column":6},"end":{"line":47,"column":43}},"type":"binary-expr","locations":[{"start":{"line":47,"column":6},"end":{"line":47,"column":16}},{"start":{"line":47,"column":16},"end":{"line":47,"column":43}}],"line":47},"11":{"loc":{"start":{"line":52,"column":2},"end":{"line":54,"column":null}},"type":"if","locations":[{"start":{"line":52,"column":2},"end":{"line":54,"column":null}},{"start":{},"end":{}}],"line":52},"12":{"loc":{"start":{"line":65,"column":2},"end":{"line":67,"column":null}},"type":"if","locations":[{"start":{"line":65,"column":2},"end":{"line":67,"column":null}},{"start":{},"end":{}}],"line":65},"13":{"loc":{"start":{"line":65,"column":6},"end":{"line":65,"column":100}},"type":"binary-expr","locations":[{"start":{"line":65,"column":6},"end":{"line":65,"column":19}},{"start":{"line":65,"column":19},"end":{"line":65,"column":60}},{"start":{"line":65,"column":60},"end":{"line":65,"column":100}}],"line":65},"14":{"loc":{"start":{"line":81,"column":2},"end":{"line":81,"column":null}},"type":"if","locations":[{"start":{"line":81,"column":2},"end":{"line":81,"column":null}},{"start":{},"end":{}}],"line":81},"15":{"loc":{"start":{"line":81,"column":6},"end":{"line":81,"column":37}},"type":"binary-expr","locations":[{"start":{"line":81,"column":6},"end":{"line":81,"column":13}},{"start":{"line":81,"column":13},"end":{"line":81,"column":37}}],"line":81},"16":{"loc":{"start":{"line":84,"column":2},"end":{"line":84,"column":null}},"type":"if","locations":[{"start":{"line":84,"column":2},"end":{"line":84,"column":null}},{"start":{},"end":{}}],"line":84},"17":{"loc":{"start":{"line":93,"column":2},"end":{"line":93,"column":null}},"type":"if","locations":[{"start":{"line":93,"column":2},"end":{"line":93,"column":null}},{"start":{},"end":{}}],"line":93},"18":{"loc":{"start":{"line":95,"column":2},"end":{"line":95,"column":null}},"type":"if","locations":[{"start":{"line":95,"column":2},"end":{"line":95,"column":null}},{"start":{},"end":{}}],"line":95},"19":{"loc":{"start":{"line":95,"column":6},"end":{"line":95,"column":41}},"type":"binary-expr","locations":[{"start":{"line":95,"column":6},"end":{"line":95,"column":22}},{"start":{"line":95,"column":22},"end":{"line":95,"column":41}}],"line":95},"20":{"loc":{"start":{"line":97,"column":2},"end":{"line":97,"column":null}},"type":"if","locations":[{"start":{"line":97,"column":2},"end":{"line":97,"column":null}},{"start":{},"end":{}}],"line":97},"21":{"loc":{"start":{"line":99,"column":2},"end":{"line":101,"column":null}},"type":"if","locations":[{"start":{"line":99,"column":2},"end":{"line":101,"column":null}},{"start":{},"end":{}}],"line":99},"22":{"loc":{"start":{"line":109,"column":4},"end":{"line":135,"column":null}},"type":"if","locations":[{"start":{"line":109,"column":4},"end":{"line":135,"column":null}},{"start":{"line":111,"column":4},"end":{"line":135,"column":null}}],"line":109},"23":{"loc":{"start":{"line":109,"column":8},"end":{"line":109,"column":65}},"type":"binary-expr","locations":[{"start":{"line":109,"column":8},"end":{"line":109,"column":38}},{"start":{"line":109,"column":38},"end":{"line":109,"column":65}}],"line":109},"24":{"loc":{"start":{"line":111,"column":4},"end":{"line":135,"column":null}},"type":"if","locations":[{"start":{"line":111,"column":4},"end":{"line":135,"column":null}},{"start":{"line":115,"column":4},"end":{"line":135,"column":null}}],"line":111},"25":{"loc":{"start":{"line":111,"column":4},"end":{"line":113,"column":147}},"type":"binary-expr","locations":[{"start":{"line":113,"column":14},"end":{"line":113,"column":43}},{"start":{"line":113,"column":43},"end":{"line":113,"column":71}},{"start":{"line":113,"column":71},"end":{"line":113,"column":95}},{"start":{"line":113,"column":95},"end":{"line":113,"column":120}},{"start":{"line":113,"column":120},"end":{"line":113,"column":147}}],"line":111},"26":{"loc":{"start":{"line":115,"column":4},"end":{"line":135,"column":null}},"type":"if","locations":[{"start":{"line":115,"column":4},"end":{"line":135,"column":null}},{"start":{"line":119,"column":4},"end":{"line":135,"column":null}}],"line":115},"27":{"loc":{"start":{"line":115,"column":4},"end":{"line":117,"column":100}},"type":"binary-expr","locations":[{"start":{"line":117,"column":14},"end":{"line":117,"column":44}},{"start":{"line":117,"column":44},"end":{"line":117,"column":73}},{"start":{"line":117,"column":73},"end":{"line":117,"column":100}}],"line":115},"28":{"loc":{"start":{"line":119,"column":4},"end":{"line":135,"column":null}},"type":"if","locations":[{"start":{"line":119,"column":4},"end":{"line":135,"column":null}},{"start":{"line":123,"column":4},"end":{"line":135,"column":null}}],"line":119},"29":{"loc":{"start":{"line":121,"column":13},"end":{"line":121,"column":67}},"type":"binary-expr","locations":[{"start":{"line":121,"column":13},"end":{"line":121,"column":40}},{"start":{"line":121,"column":40},"end":{"line":121,"column":67}}],"line":121},"30":{"loc":{"start":{"line":123,"column":4},"end":{"line":135,"column":null}},"type":"if","locations":[{"start":{"line":123,"column":4},"end":{"line":135,"column":null}},{"start":{"line":127,"column":4},"end":{"line":135,"column":null}}],"line":123},"31":{"loc":{"start":{"line":125,"column":13},"end":{"line":125,"column":67}},"type":"binary-expr","locations":[{"start":{"line":125,"column":13},"end":{"line":125,"column":40}},{"start":{"line":125,"column":40},"end":{"line":125,"column":67}}],"line":125},"32":{"loc":{"start":{"line":127,"column":4},"end":{"line":135,"column":null}},"type":"if","locations":[{"start":{"line":127,"column":4},"end":{"line":135,"column":null}},{"start":{"line":133,"column":9},"end":{"line":135,"column":null}}],"line":127},"33":{"loc":{"start":{"line":145,"column":2},"end":{"line":145,"column":null}},"type":"if","locations":[{"start":{"line":145,"column":2},"end":{"line":145,"column":null}},{"start":{},"end":{}}],"line":145},"34":{"loc":{"start":{"line":145,"column":6},"end":{"line":145,"column":36}},"type":"binary-expr","locations":[{"start":{"line":145,"column":6},"end":{"line":145,"column":22}},{"start":{"line":145,"column":22},"end":{"line":145,"column":36}}],"line":145},"35":{"loc":{"start":{"line":154,"column":4},"end":{"line":162,"column":null}},"type":"if","locations":[{"start":{"line":154,"column":4},"end":{"line":162,"column":null}},{"start":{"line":156,"column":4},"end":{"line":162,"column":null}}],"line":154},"36":{"loc":{"start":{"line":154,"column":8},"end":{"line":154,"column":64}},"type":"binary-expr","locations":[{"start":{"line":154,"column":8},"end":{"line":154,"column":38}},{"start":{"line":154,"column":38},"end":{"line":154,"column":64}}],"line":154},"37":{"loc":{"start":{"line":156,"column":4},"end":{"line":162,"column":null}},"type":"if","locations":[{"start":{"line":156,"column":4},"end":{"line":162,"column":null}},{"start":{"line":158,"column":4},"end":{"line":162,"column":null}}],"line":156},"38":{"loc":{"start":{"line":156,"column":15},"end":{"line":156,"column":101}},"type":"binary-expr","locations":[{"start":{"line":156,"column":15},"end":{"line":156,"column":44}},{"start":{"line":156,"column":44},"end":{"line":156,"column":74}},{"start":{"line":156,"column":74},"end":{"line":156,"column":101}}],"line":156},"39":{"loc":{"start":{"line":158,"column":4},"end":{"line":162,"column":null}},"type":"if","locations":[{"start":{"line":158,"column":4},"end":{"line":162,"column":null}},{"start":{"line":160,"column":11},"end":{"line":162,"column":null}}],"line":158},"40":{"loc":{"start":{"line":158,"column":15},"end":{"line":158,"column":71}},"type":"binary-expr","locations":[{"start":{"line":158,"column":15},"end":{"line":158,"column":45}},{"start":{"line":158,"column":45},"end":{"line":158,"column":71}}],"line":158}},"s":{"0":14,"1":3,"2":11,"3":11,"4":1,"5":10,"6":1,"7":9,"8":9,"9":2,"10":7,"11":7,"12":1,"13":6,"14":1,"15":5,"16":6,"17":1,"18":5,"19":5,"20":1,"21":4,"22":4,"23":4,"24":2,"25":2,"26":4,"27":1,"28":3,"29":3,"30":1,"31":2,"32":18,"33":1,"34":17,"35":1,"36":16,"37":0,"38":16,"39":2,"40":4,"41":14,"42":14,"43":19,"44":19,"45":7,"46":12,"47":2,"48":10,"49":1,"50":9,"51":1,"52":8,"53":1,"54":7,"55":4,"56":3,"57":14,"58":5,"59":1,"60":4,"61":4,"62":6,"63":6,"64":6,"65":1,"66":5,"67":2,"68":3,"69":1,"70":2,"71":4},"f":{"0":14,"1":9,"2":6,"3":4,"4":4,"5":18,"6":4,"7":5},"b":{"0":[3,11],"1":[14,11],"2":[1,10],"3":[11,11],"4":[1,9],"5":[2,7],"6":[9,7],"7":[1,6],"8":[1,5],"9":[1,5],"10":[6,5],"11":[1,4],"12":[2,2],"13":[4,3,2],"14":[1,3],"15":[4,3],"16":[1,2],"17":[1,17],"18":[1,16],"19":[17,16],"20":[0,16],"21":[2,14],"22":[7,12],"23":[19,8],"24":[2,10],"25":[12,10,10,10,2],"26":[1,9],"27":[10,9,1],"28":[1,8],"29":[9,1],"30":[1,7],"31":[8,1],"32":[4,3],"33":[1,4],"34":[5,4],"35":[1,5],"36":[6,5],"37":[2,3],"38":[5,3,3],"39":[1,2],"40":[3,2]},"meta":{"lastBranch":41,"lastFunction":8,"lastStatement":72,"seen":{"f:12:16:12:26":0,"b:13:2:13:Infinity:undefined:undefined:undefined:undefined":0,"s:13:2:13:Infinity":0,"b:13:6:13:16:13:16:13:43":1,"s:13:43:13:Infinity":1,"s:15:30:15:Infinity":2,"b:16:2:16:Infinity:undefined:undefined:undefined:undefined":2,"s:16:2:16:Infinity":3,"b:16:6:16:20:16:20:16:29":3,"s:16:29:16:Infinity":4,"b:18:2:20:Infinity:undefined:undefined:undefined:undefined":4,"s:18:2:20:Infinity":5,"s:19:4:19:Infinity":6,"s:22:2:22:Infinity":7,"f:29:16:29:25":1,"b:30:2:30:Infinity:undefined:undefined:undefined:undefined":5,"s:30:2:30:Infinity":8,"b:30:6:30:15:30:15:30:41":6,"s:30:41:30:Infinity":9,"s:32:18:32:Infinity":10,"b:33:2:33:Infinity:undefined:undefined:undefined:undefined":7,"s:33:2:33:Infinity":11,"s:33:28:33:Infinity":12,"b:35:2:37:Infinity:undefined:undefined:undefined:undefined":8,"s:35:2:37:Infinity":13,"s:36:4:36:Infinity":14,"s:39:2:39:Infinity":15,"f:46:16:46:26":2,"b:47:2:47:Infinity:undefined:undefined:undefined:undefined":9,"s:47:2:47:Infinity":16,"b:47:6:47:16:47:16:47:43":10,"s:47:43:47:Infinity":17,"s:50:17:50:Infinity":18,"b:52:2:54:Infinity:undefined:undefined:undefined:undefined":11,"s:52:2:54:Infinity":19,"s:53:4:53:Infinity":20,"s:56:19:56:Infinity":21,"s:57:2:57:Infinity":22,"f:64:16:64:29":3,"b:65:2:67:Infinity:undefined:undefined:undefined:undefined":12,"s:65:2:67:Infinity":23,"b:65:6:65:19:65:19:65:60:65:60:65:100":13,"s:66:4:66:Infinity":24,"s:70:2:73:Infinity":25,"f:80:16:80:23":4,"b:81:2:81:Infinity:undefined:undefined:undefined:undefined":14,"s:81:2:81:Infinity":26,"b:81:6:81:13:81:13:81:37":15,"s:81:37:81:Infinity":27,"s:83:16:83:Infinity":28,"b:84:2:84:Infinity:undefined:undefined:undefined:undefined":16,"s:84:2:84:Infinity":29,"s:84:26:84:Infinity":30,"s:86:2:86:Infinity":31,"f:92:16:92:32":5,"b:93:2:93:Infinity:undefined:undefined:undefined:undefined":17,"s:93:2:93:Infinity":32,"s:93:20:93:Infinity":33,"b:95:2:95:Infinity:undefined:undefined:undefined:undefined":18,"s:95:2:95:Infinity":34,"b:95:6:95:22:95:22:95:41":19,"s:95:41:95:Infinity":35,"b:97:2:97:Infinity:undefined:undefined:undefined:undefined":20,"s:97:2:97:Infinity":36,"s:97:31:97:Infinity":37,"b:99:2:101:Infinity:undefined:undefined:undefined:undefined":21,"s:99:2:101:Infinity":38,"s:100:4:100:Infinity":39,"f:100:19:100:27":6,"s:100:27:100:61":40,"s:103:22:103:Infinity":41,"s:105:2:136:Infinity":42,"s:106:21:106:Infinity":43,"b:109:4:135:Infinity:111:4:135:Infinity":22,"s:109:4:135:Infinity":44,"b:109:8:109:38:109:38:109:65":23,"s:110:6:110:Infinity":45,"b:111:4:135:Infinity:115:4:135:Infinity":24,"s:111:4:135:Infinity":46,"b:113:14:113:43:113:43:113:71:113:71:113:95:113:95:113:120:113:120:113:147":25,"s:114:6:114:Infinity":47,"b:115:4:135:Infinity:119:4:135:Infinity":26,"s:115:4:135:Infinity":48,"b:117:14:117:44:117:44:117:73:117:73:117:100":27,"s:118:6:118:Infinity":49,"b:119:4:135:Infinity:123:4:135:Infinity":28,"s:119:4:135:Infinity":50,"b:121:13:121:40:121:40:121:67":29,"s:122:6:122:Infinity":51,"b:123:4:135:Infinity:127:4:135:Infinity":30,"s:123:4:135:Infinity":52,"b:125:13:125:40:125:40:125:67":31,"s:126:6:126:Infinity":53,"b:127:4:135:Infinity:133:9:135:Infinity":32,"s:127:4:135:Infinity":54,"s:130:6:130:Infinity":55,"s:134:6:134:Infinity":56,"s:138:2:138:Infinity":57,"f:144:16:144:32":7,"b:145:2:145:Infinity:undefined:undefined:undefined:undefined":33,"s:145:2:145:Infinity":58,"b:145:6:145:22:145:22:145:36":34,"s:145:36:145:Infinity":59,"s:147:38:147:Infinity":60,"s:149:2:163:Infinity":61,"s:150:21:150:Infinity":62,"s:151:23:151:Infinity":63,"b:154:4:162:Infinity:156:4:162:Infinity":35,"s:154:4:162:Infinity":64,"b:154:8:154:38:154:38:154:64":36,"s:155:6:155:Infinity":65,"b:156:4:162:Infinity:158:4:162:Infinity":37,"s:156:4:162:Infinity":66,"b:156:15:156:44:156:44:156:74:156:74:156:101":38,"s:157:6:157:Infinity":67,"b:158:4:162:Infinity:160:11:162:Infinity":39,"s:158:4:162:Infinity":68,"b:158:15:158:45:158:45:158:71":40,"s:159:6:159:Infinity":69,"s:161:6:161:Infinity":70,"s:165:2:165:Infinity":71}}}
}
