TN:
SF:src/lib/license.ts
FN:8,(anonymous_0)
FN:32,validateLicense
FN:65,getLicenseType
FN:76,isWriteEnabled
FNF:4
FNH:4
FNDA:1,(anonymous_0)
FNDA:19,validateLicense
FNDA:6,getLicenseType
FNDA:3,isWriteEnabled
DA:8,1
DA:9,1
DA:10,1
DA:24,1
DA:34,19
DA:35,5
DA:41,14
DA:44,14
DA:45,6
DA:53,8
DA:66,6
DA:67,6
DA:68,6
DA:77,3
LF:14
LH:14
BRDA:8,0,0,1
BRDA:8,0,1,1
BRDA:34,1,0,5
BRDA:34,1,1,14
BRDA:34,2,0,19
BRDA:34,2,1,15
BRDA:44,3,0,6
BRDA:44,3,1,8
BRF:8
BRH:8
end_of_record
TN:
SF:src/lib/mailchimp-client.ts
FN:25,sleep
FN:26,(anonymous_1)
FN:29,calculateBackoff
FN:42,sanitizeError
FN:75,(anonymous_4)
FN:81,(anonymous_5)
FN:113,(anonymous_6)
FN:126,(anonymous_7)
FN:133,(anonymous_8)
FN:154,(anonymous_9)
FN:158,(anonymous_10)
FN:162,(anonymous_11)
FN:166,(anonymous_12)
FN:170,(anonymous_13)
FNF:14
FNH:7
FNDA:0,sleep
FNDA:0,(anonymous_1)
FNDA:0,calculateBackoff
FNDA:0,sanitizeError
FNDA:8,(anonymous_4)
FNDA:6,(anonymous_5)
FNDA:0,(anonymous_6)
FNDA:0,(anonymous_7)
FNDA:0,(anonymous_8)
FNDA:2,(anonymous_9)
FNDA:1,(anonymous_10)
FNDA:1,(anonymous_11)
FNDA:1,(anonymous_12)
FNDA:1,(anonymous_13)
DA:3,1
DA:9,1
DA:19,1
DA:26,0
DA:30,0
DA:34,0
DA:43,0
DA:44,0
DA:47,0
DA:50,0
DA:54,0
DA:56,0
DA:57,0
DA:58,0
DA:63,0
DA:64,0
DA:67,0
DA:76,8
DA:77,8
DA:78,8
DA:86,6
DA:87,6
DA:89,6
DA:91,6
DA:92,6
DA:93,6
DA:102,6
DA:103,0
DA:104,0
DA:108,0
DA:109,0
DA:110,0
DA:113,0
DA:114,0
DA:119,6
DA:120,0
DA:121,0
DA:122,0
DA:123,0
DA:126,0
DA:127,0
DA:132,6
DA:133,0
DA:134,0
DA:135,0
DA:140,6
DA:142,0
DA:144,0
DA:145,0
DA:146,0
DA:151,0
DA:155,2
DA:159,1
DA:163,1
DA:167,1
DA:171,1
LF:56
LH:21
BRDA:43,0,0,0
BRDA:43,0,1,0
BRDA:43,1,0,0
BRDA:43,1,1,0
BRDA:50,2,0,0
BRDA:50,2,1,0
BRDA:57,3,0,0
BRDA:57,3,1,0
BRDA:57,4,0,0
BRDA:57,4,1,0
BRDA:63,5,0,0
BRDA:63,5,1,0
BRDA:99,6,0,3
BRDA:99,6,1,3
BRDA:102,7,0,0
BRDA:102,7,1,6
BRDA:104,8,0,0
BRDA:104,8,1,0
BRDA:108,9,0,0
BRDA:108,9,1,0
BRDA:119,10,0,0
BRDA:119,10,1,6
BRDA:119,11,0,6
BRDA:119,11,1,0
BRDA:120,12,0,0
BRDA:120,12,1,0
BRDA:132,13,0,0
BRDA:132,13,1,6
BRDA:142,14,0,0
BRDA:142,14,1,0
BRDA:144,15,0,0
BRDA:144,15,1,0
BRDA:151,16,0,0
BRDA:151,16,1,0
BRF:34
BRH:6
end_of_record
TN:
SF:src/lib/pii-masking.ts
FN:12,maskEmail
FN:29,maskName
FN:46,maskPhone
FN:64,maskLocation
FN:80,maskIP
FN:92,maskPIIInObject
FN:100,(anonymous_6)
FN:144,maskMergeFields
FNF:8
FNH:8
FNDA:14,maskEmail
FNDA:9,maskName
FNDA:6,maskPhone
FNDA:4,maskLocation
FNDA:4,maskIP
FNDA:18,maskPIIInObject
FNDA:4,(anonymous_6)
FNDA:5,maskMergeFields
DA:13,14
DA:15,11
DA:16,11
DA:18,10
DA:19,1
DA:22,9
DA:30,9
DA:32,7
DA:33,7
DA:35,6
DA:36,1
DA:39,5
DA:47,6
DA:50,5
DA:52,5
DA:53,1
DA:56,4
DA:57,4
DA:65,4
DA:66,2
DA:70,2
DA:81,4
DA:83,3
DA:84,3
DA:86,2
DA:93,18
DA:95,17
DA:97,16
DA:99,16
DA:100,4
DA:103,14
DA:105,14
DA:106,19
DA:109,19
DA:110,7
DA:111,12
DA:114,2
DA:115,10
DA:118,1
DA:119,9
DA:122,1
DA:123,8
DA:126,1
DA:127,7
DA:130,4
DA:134,3
DA:138,14
DA:145,5
DA:147,4
DA:149,4
DA:150,6
DA:151,6
DA:154,6
DA:155,1
DA:156,5
DA:157,2
DA:158,3
DA:159,1
DA:161,2
DA:165,4
LF:60
LH:60
BRDA:13,0,0,3
BRDA:13,0,1,11
BRDA:13,1,0,14
BRDA:13,1,1,11
BRDA:16,2,0,1
BRDA:16,2,1,10
BRDA:16,3,0,11
BRDA:16,3,1,11
BRDA:18,4,0,1
BRDA:18,4,1,9
BRDA:30,5,0,2
BRDA:30,5,1,7
BRDA:30,6,0,9
BRDA:30,6,1,7
BRDA:33,7,0,1
BRDA:33,7,1,6
BRDA:35,8,0,1
BRDA:35,8,1,5
BRDA:47,9,0,1
BRDA:47,9,1,5
BRDA:47,10,0,6
BRDA:47,10,1,5
BRDA:52,11,0,1
BRDA:52,11,1,4
BRDA:65,12,0,2
BRDA:65,12,1,2
BRDA:65,13,0,4
BRDA:65,13,1,3
BRDA:65,13,2,2
BRDA:81,14,0,1
BRDA:81,14,1,3
BRDA:81,15,0,4
BRDA:81,15,1,3
BRDA:84,16,0,1
BRDA:84,16,1,2
BRDA:93,17,0,1
BRDA:93,17,1,17
BRDA:95,18,0,1
BRDA:95,18,1,16
BRDA:95,19,0,17
BRDA:95,19,1,16
BRDA:97,20,0,0
BRDA:97,20,1,16
BRDA:99,21,0,2
BRDA:99,21,1,14
BRDA:109,22,0,7
BRDA:109,22,1,12
BRDA:109,23,0,19
BRDA:109,23,1,8
BRDA:111,24,0,2
BRDA:111,24,1,10
BRDA:111,25,0,12
BRDA:111,25,1,10
BRDA:111,25,2,10
BRDA:111,25,3,10
BRDA:111,25,4,2
BRDA:115,26,0,1
BRDA:115,26,1,9
BRDA:115,27,0,10
BRDA:115,27,1,9
BRDA:115,27,2,1
BRDA:119,28,0,1
BRDA:119,28,1,8
BRDA:121,29,0,9
BRDA:121,29,1,1
BRDA:123,30,0,1
BRDA:123,30,1,7
BRDA:125,31,0,8
BRDA:125,31,1,1
BRDA:127,32,0,4
BRDA:127,32,1,3
BRDA:145,33,0,1
BRDA:145,33,1,4
BRDA:145,34,0,5
BRDA:145,34,1,4
BRDA:154,35,0,1
BRDA:154,35,1,5
BRDA:154,36,0,6
BRDA:154,36,1,5
BRDA:156,37,0,2
BRDA:156,37,1,3
BRDA:156,38,0,5
BRDA:156,38,1,3
BRDA:156,38,2,3
BRDA:158,39,0,1
BRDA:158,39,1,2
BRDA:158,40,0,3
BRDA:158,40,1,2
BRF:88
BRH:87
end_of_record
